11:21:31 | WARNING | PyNaCl is not installed, voice will NOT be supported
11:21:31 | WARNING | davey is not installed, voice will NOT be supported
11:21:31 | INFO | logging in using static token
11:21:32 | INFO | Shard ID None has connected to Gateway (Session ID: 774ca0c0517f3f0fdc9a7ca24466f441).
11:21:34 | INFO | ========================================
11:21:34 | INFO | Logged in as BobNews#4829
11:21:34 | INFO | Watching 1 channels
11:21:34 | INFO | ========================================
11:21:44 | INFO | Forwarded Test Channel update
11:27:51 | WARNING | PyNaCl is not installed, voice will NOT be supported
11:27:51 | WARNING | davey is not installed, voice will NOT be supported
11:27:51 | INFO | logging in using static token
11:27:52 | INFO | Shard ID None has connected to Gateway (Session ID: 6a044afb5f21e84a8d9a054c2e475215).
11:28:34 | WARNING | PyNaCl is not installed, voice will NOT be supported
11:28:34 | WARNING | davey is not installed, voice will NOT be supported
11:28:34 | INFO | logging in using static token
11:28:35 | INFO | Shard ID None has connected to Gateway (Session ID: 95ad7755d14004822bea064429d0be11).
11:29:25 | INFO | Forwarded Test Channel update
11:46:32 | WARNING | PyNaCl is not installed, voice will NOT be supported
11:46:32 | WARNING | davey is not installed, voice will NOT be supported
11:46:32 | INFO | logging in using static token
11:46:33 | INFO | Shard ID None has connected to Gateway (Session ID: 2c0f847696e495d1f22b4678ceca3c09).
11:47:43 | WARNING | PyNaCl is not installed, voice will NOT be supported
11:47:43 | WARNING | davey is not installed, voice will NOT be supported
11:47:43 | INFO | logging in using static token
11:47:44 | INFO | Shard ID None has connected to Gateway (Session ID: 1301674ae31bdd227dd75b4c6cb2289f).
11:52:07 | WARNING | PyNaCl is not installed, voice will NOT be supported
11:52:07 | WARNING | davey is not installed, voice will NOT be supported
11:52:07 | INFO | logging in using static token
11:52:08 | INFO | Shard ID None has connected to Gateway (Session ID: 1a70d3e697739d698e77737499d2ab07).
11:52:10 | INFO | ========================================
11:52:10 | INFO | Logged in as BobNews#4829
11:52:10 | INFO | ========================================
11:55:05 | WARNING | PyNaCl is not installed, voice will NOT be supported
11:55:05 | WARNING | davey is not installed, voice will NOT be supported
11:55:05 | INFO | logging in using static token
11:55:06 | INFO | Shard ID None has connected to Gateway (Session ID: c1edc44b56aad294b45343e22d0aa99d).
11:55:08 | INFO | ========================================
11:55:08 | INFO | Logged in as BobNews#4829
11:55:08 | INFO | Synced 1 commands
11:55:08 | INFO | ========================================
12:01:34 | WARNING | PyNaCl is not installed, voice will NOT be supported
12:01:34 | WARNING | davey is not installed, voice will NOT be supported
12:01:34 | INFO | logging in using static token
12:01:36 | INFO | Shard ID None has connected to Gateway (Session ID: 27721ba5380d20633c2b9056b9fd3813).
12:01:38 | INFO | ========================================
12:01:38 | INFO | Logged in as BobNews#4829
12:01:38 | INFO | ========================================
12:07:13 | WARNING | PyNaCl is not installed, voice will NOT be supported
12:07:13 | WARNING | davey is not installed, voice will NOT be supported
12:07:13 | INFO | logging in using static token
12:07:14 | INFO | Shard ID None has connected to Gateway (Session ID: 6604ecf327738afc9d1662d064adb6c1).
12:07:17 | INFO | ========================================
12:07:17 | INFO | Logged in as BobNews#4829
12:07:17 | INFO | ========================================
12:09:35 | WARNING | PyNaCl is not installed, voice will NOT be supported
12:09:35 | WARNING | davey is not installed, voice will NOT be supported
12:09:35 | INFO | logging in using static token
12:09:36 | INFO | Shard ID None has connected to Gateway (Session ID: 66d423ac0f1f5a51faec56e6ff2fddfc).
12:09:38 | INFO | ========================================
12:09:38 | INFO | Logged in as BobNews#4829
12:09:38 | INFO | Synced 3 commands
12:09:38 | INFO | ========================================
12:11:05 | WARNING | PyNaCl is not installed, voice will NOT be supported
12:11:05 | WARNING | davey is not installed, voice will NOT be supported
12:11:05 | INFO | logging in using static token
12:11:06 | INFO | Shard ID None has connected to Gateway (Session ID: 798454fdeedf0748350eaf882786d789).
12:11:08 | INFO | ========================================
12:11:08 | INFO | Logged in as BobNews#4829
12:11:08 | INFO | Synced 4 commands
12:11:08 | INFO | ========================================
12:14:44 | WARNING | PyNaCl is not installed, voice will NOT be supported
12:14:44 | WARNING | davey is not installed, voice will NOT be supported
12:14:44 | INFO | logging in using static token
12:14:45 | INFO | Shard ID None has connected to Gateway (Session ID: 931b8a2164ca3f6f855e3815cae6b730).
12:14:47 | INFO | ========================================
12:14:47 | INFO | Logged in as BobNews#4829
12:14:47 | INFO | Synced 4 commands
12:14:47 | INFO | ========================================
12:15:09 | INFO | Forwarded test game update
12:19:36 | WARNING | PyNaCl is not installed, voice will NOT be supported
12:19:36 | WARNING | davey is not installed, voice will NOT be supported
12:19:36 | INFO | logging in using static token
12:19:37 | INFO | Shard ID None has connected to Gateway (Session ID: ea31b44cfc6728af37cf070f7e7182e5).
12:19:39 | INFO | ========================================
12:19:39 | INFO | Logged in as BobNews#4829
12:19:39 | INFO | Synced 4 commands
12:19:39 | INFO | ========================================
12:23:31 | WARNING | PyNaCl is not installed, voice will NOT be supported
12:23:31 | WARNING | davey is not installed, voice will NOT be supported
12:23:31 | INFO | logging in using static token
12:23:32 | INFO | Shard ID None has connected to Gateway (Session ID: 034aee354b4533399eb408dc9d43fb63).
12:23:34 | INFO | ========================================
12:23:34 | INFO | Logged in as BobNews#4829
12:23:34 | INFO | Synced 4 commands to test server
12:23:34 | INFO | ========================================
12:35:40 | WARNING | PyNaCl is not installed, voice will NOT be supported
12:35:40 | WARNING | davey is not installed, voice will NOT be supported
12:35:40 | INFO | logging in using static token
12:35:41 | INFO | Shard ID None has connected to Gateway (Session ID: c88cef2678b15055e512a12719351fc9).
12:35:44 | INFO | ========================================
12:35:44 | INFO | Logged in as BobNews#4829
12:35:44 | INFO | Synced 4 global commands
12:35:44 | INFO | ========================================
12:36:39 | WARNING | PyNaCl is not installed, voice will NOT be supported
12:36:39 | WARNING | davey is not installed, voice will NOT be supported
12:36:39 | INFO | logging in using static token
12:36:40 | INFO | Shard ID None has connected to Gateway (Session ID: d844dd2ad99472d8648b8eb2ff197dd1).
12:36:42 | INFO | ========================================
12:36:42 | INFO | Logged in as BobNews#4829
12:36:42 | INFO | Synced 4 global commands
12:36:42 | INFO | ========================================
12:41:27 | WARNING | PyNaCl is not installed, voice will NOT be supported
12:41:27 | WARNING | davey is not installed, voice will NOT be supported
12:41:27 | INFO | logging in using static token
12:41:28 | INFO | Shard ID None has connected to Gateway (Session ID: 89539d91b131f40c76bf4160770023aa).
12:41:30 | INFO | ========================================
12:41:30 | INFO | Logged in as BobNews#4829
12:41:30 | INFO | Synced 4 global commands
12:41:30 | INFO | ========================================
12:44:32 | WARNING | PyNaCl is not installed, voice will NOT be supported
12:44:32 | WARNING | davey is not installed, voice will NOT be supported
12:44:32 | INFO | logging in using static token
12:44:33 | INFO | Shard ID None has connected to Gateway (Session ID: ad918b75904e5f4cc666e66b951e5be3).
12:44:35 | INFO | ========================================
12:44:35 | INFO | Logged in as BobNews#4829
12:44:35 | INFO | Synced 4 global commands
12:44:35 | INFO | ========================================
12:45:05 | INFO | Forwarded test game update
12:47:16 | WARNING | PyNaCl is not installed, voice will NOT be supported
12:47:16 | WARNING | davey is not installed, voice will NOT be supported
12:47:16 | INFO | logging in using static token
12:47:17 | INFO | Shard ID None has connected to Gateway (Session ID: 6dce7c7f01f706f4df7615e94051e0b9).
12:47:20 | INFO | ========================================
12:47:20 | INFO | Logged in as BobNews#4829
12:47:20 | INFO | Synced 4 global commands
12:47:20 | INFO | ========================================
12:49:21 | WARNING | PyNaCl is not installed, voice will NOT be supported
12:49:21 | WARNING | davey is not installed, voice will NOT be supported
12:49:21 | INFO | logging in using static token
12:49:22 | INFO | Shard ID None has connected to Gateway (Session ID: ea22c9268500738b7f9421f12484713a).
12:49:24 | INFO | ========================================
12:49:24 | INFO | Logged in as BobNews#4829
12:49:24 | INFO | Synced 4 global commands
12:49:24 | INFO | ========================================
12:55:47 | WARNING | PyNaCl is not installed, voice will NOT be supported
12:55:47 | WARNING | davey is not installed, voice will NOT be supported
12:55:47 | INFO | logging in using static token
12:55:48 | INFO | Shard ID None has connected to Gateway (Session ID: cd2b4978e2d1188e6c8e50d4236ebaff).
12:55:50 | INFO | ========================================
12:55:50 | INFO | Logged in as BobNews#4829
12:55:50 | INFO | Synced 5 global commands
12:55:50 | INFO | ========================================
